<?xml version="1.0" encoding="UTF-8"?>
<testng-results skipped="0" failed="0" ignored="0" total="1" passed="1">
  <reporter-output>
  </reporter-output>
  <suite name="Default suite" duration-ms="27788" started-at="2022-04-09T10:46:14Z" finished-at="2022-04-09T10:46:41Z">
    <groups>
    </groups>
    <test name="Default test" duration-ms="27788" started-at="2022-04-09T10:46:14Z" finished-at="2022-04-09T10:46:41Z">
      <class name="seleniumeasysite.SmallConcepts">
        <test-method status="PASS" signature="setUp()[pri:0, instance:seleniumeasysite.SmallConcepts@3b2da18f]" name="setUp" is-config="true" duration-ms="13088" started-at="2022-04-09T10:46:14Z" finished-at="2022-04-09T10:46:27Z">
          <reporter-output>
          </reporter-output>
        </test-method> <!-- setUp -->
        <test-method status="PASS" signature="validateInvalidLinks()[pri:0, instance:seleniumeasysite.SmallConcepts@3b2da18f]" name="validateInvalidLinks" duration-ms="12097" started-at="2022-04-09T10:46:27Z" finished-at="2022-04-09T10:46:39Z">
          <reporter-output>
          </reporter-output>
        </test-method> <!-- validateInvalidLinks -->
        <test-method status="PASS" signature="tearDown()[pri:0, instance:seleniumeasysite.SmallConcepts@3b2da18f]" name="tearDown" is-config="true" duration-ms="2563" started-at="2022-04-09T10:46:39Z" finished-at="2022-04-09T10:46:41Z">
          <reporter-output>
          </reporter-output>
        </test-method> <!-- tearDown -->
      </class> <!-- seleniumeasysite.SmallConcepts -->
    </test> <!-- Default test -->
  </suite> <!-- Default suite -->
</testng-results>
