<?xml version="1.0" encoding="UTF-8"?>
<testng-results skipped="0" failed="0" ignored="0" total="1" passed="1">
  <reporter-output>
  </reporter-output>
  <suite name="Default suite" duration-ms="6600" started-at="2018-01-01T15:08:42Z" finished-at="2018-01-01T15:08:49Z">
    <groups>
    </groups>
    <test name="Default test" duration-ms="6600" started-at="2018-01-01T15:08:42Z" finished-at="2018-01-01T15:08:49Z">
      <class name="com.apsrtc.demo.TestSet.Set01">
        <test-method status="PASS" signature="test01()[pri:0, instance:com.apsrtc.demo.TestSet.Set01@16905e]" name="test01" duration-ms="6577" started-at="2018-01-01T20:38:42Z" finished-at="2018-01-01T20:38:49Z">
          <reporter-output>
          </reporter-output>
        </test-method> <!-- test01 -->
      </class> <!-- com.apsrtc.demo.TestSet.Set01 -->
    </test> <!-- Default test -->
  </suite> <!-- Default suite -->
</testng-results>
