<?xml version="1.0" encoding="UTF-8"?>
<!-- Generated by org.testng.reporters.JUnitXMLReporter -->
<testsuite hostname="WINDG185171-BBU" ignored="6" name="Test" tests="1" failures="0" timestamp="26 Apr 2018 18:18:44 GMT" time="22.573" errors="0">
  <testcase name="verifyText_DisplayShortTime" time="9.725" classname="seleniumeasysite.SmallConcepts"/>
  <testcase name="usingRobot" time="0.0" classname="seleniumeasysite.SmallConcepts">
    <ignored/>
  </testcase> <!-- usingRobot -->
  <testcase name="scrollToElement" time="0.0" classname="seleniumeasysite.SmallConcepts">
    <ignored/>
  </testcase> <!-- scrollToElement -->
  <testcase name="takeScreenshot" time="0.0" classname="seleniumeasysite.SmallConcepts">
    <ignored/>
  </testcase> <!-- takeScreenshot -->
  <testcase name="contextClick" time="0.0" classname="seleniumeasysite.SmallConcepts">
    <ignored/>
  </testcase> <!-- contextClick -->
  <testcase name="validateInvalidLinks" time="0.0" classname="seleniumeasysite.SmallConcepts">
    <ignored/>
  </testcase> <!-- validateInvalidLinks -->
  <testcase name="mouseHoverJScript" time="0.0" classname="seleniumeasysite.SmallConcepts">
    <ignored/>
  </testcase> <!-- mouseHoverJScript -->
</testsuite> <!-- Test -->
