<?xml version="1.0" encoding="UTF-8"?>
<!-- Generated by org.testng.reporters.JUnitXMLReporter -->
<testsuite hostname="WINDG185171-BBU" ignored="1" name="Default test(failed)" tests="1" failures="1" timestamp="18 Feb 2018 18:12:43 GMT" time="8.521" errors="0">
  <testcase name="checkTitle" time="8.498" classname="testngTutorials.UsingListener">
    <failure type="java.lang.AssertionError" message="expected [Google] but found [a]">
      <![CDATA[java.lang.AssertionError: expected [Google] but found [a]
	at testngTutorials.UsingListener.checkTitle(UsingListener.java:36)
	at testngTutorials.FailedTestRunner.main(FailedTestRunner.java:16)
... Removed 28 stack frames]]>
    </failure>
  </testcase> <!-- checkTitle -->
  <testcase name="GoogleTitleVerify" time="0.0" classname="testngTutorials.UsingListener">
    <ignored/>
  </testcase> <!-- GoogleTitleVerify -->
</testsuite> <!-- Default test(failed) -->
