<?xml version="1.0" encoding="UTF-8"?>
<!-- Generated by org.testng.reporters.JUnitXMLReporter -->
<testsuite hostname="WINDG185171-BBU" ignored="2" name="TestOne" tests="2" failures="0" timestamp="01 Jan 2018 18:23:24 GMT" time="0.02" errors="0">
  <testcase name="firstGroupMethodOne" time="0.003" classname="testngTutorials.BeforeAndAfterClass"/>
  <testcase name="firstGroupMethodTwo" time="0.001" classname="testngTutorials.BeforeAndAfterClass"/>
  <testcase name="secondGroupMethodOne" time="0.0" classname="testngTutorials.BeforeAndAfterClass">
    <ignored/>
  </testcase> <!-- secondGroupMethodOne -->
  <testcase name="secondGroupMethodTwo" time="0.0" classname="testngTutorials.BeforeAndAfterClass">
    <ignored/>
  </testcase> <!-- secondGroupMethodTwo -->
</testsuite> <!-- TestOne -->
