<?xml version="1.0" encoding="UTF-8"?>
<testng-results skipped="0" failed="0" ignored="6" total="7" passed="1">
  <reporter-output>
  </reporter-output>
  <suite name="Suite" duration-ms="22573" started-at="2018-04-26T18:18:21Z" finished-at="2018-04-26T18:18:44Z">
    <groups>
    </groups>
    <test name="Test" duration-ms="22573" started-at="2018-04-26T18:18:21Z" finished-at="2018-04-26T18:18:44Z">
      <class name="seleniumeasysite.SmallConcepts">
        <test-method status="PASS" signature="setUp()[pri:0, instance:seleniumeasysite.SmallConcepts@1684286]" name="setUp" is-config="true" duration-ms="11615" started-at="2018-04-26T23:48:21Z" finished-at="2018-04-26T23:48:33Z">
          <reporter-output>
          </reporter-output>
        </test-method> <!-- setUp -->
        <test-method status="PASS" signature="verifyText_DisplayShortTime()[pri:0, instance:seleniumeasysite.SmallConcepts@1684286]" name="verifyText_DisplayShortTime" duration-ms="9725" started-at="2018-04-26T23:48:33Z" finished-at="2018-04-26T23:48:43Z">
          <reporter-output>
          </reporter-output>
        </test-method> <!-- verifyText_DisplayShortTime -->
        <test-method status="PASS" signature="tearDown()[pri:0, instance:seleniumeasysite.SmallConcepts@1684286]" name="tearDown" is-config="true" duration-ms="1223" started-at="2018-04-26T23:48:43Z" finished-at="2018-04-26T23:48:44Z">
          <reporter-output>
          </reporter-output>
        </test-method> <!-- tearDown -->
      </class> <!-- seleniumeasysite.SmallConcepts -->
    </test> <!-- Test -->
  </suite> <!-- Suite -->
</testng-results>
