<?xml version="1.0" encoding="UTF-8"?>
<testng-results skipped="0" failed="0" ignored="0" total="1" passed="1">
  <reporter-output>
  </reporter-output>
  <suite name="Default suite" duration-ms="75" started-at="2022-01-21T20:33:09 IST" finished-at="2022-01-21T20:33:09 IST">
    <groups>
    </groups>
    <test name="Default test" duration-ms="75" started-at="2022-01-21T20:33:09 IST" finished-at="2022-01-21T20:33:09 IST">
      <class name="tests.GetAndPostExample">
        <test-method status="PASS" signature="post()[pri:0, instance:tests.GetAndPostExample@1dfe2924]" name="post" duration-ms="9" started-at="2022-01-21T20:33:09 IST" finished-at="2022-01-21T20:33:09 IST">
          <reporter-output>
          </reporter-output>
        </test-method> <!-- post -->
      </class> <!-- tests.GetAndPostExample -->
    </test> <!-- Default test -->
  </suite> <!-- Default suite -->
</testng-results>
